<?xml version="1.0" encoding="UTF-8"?>
<!-- Generated by org.testng.reporters.JUnitXMLReporter -->
<testsuite hostname="994560APD035872" ignored="0" name="Default test" tests="2" failures="0" timestamp="16 Oct 2019 02:15:51 GMT" time="125.457" errors="0">
  <testcase name="LoginTest" time="25.25" classname="com.eTools.testcases.ActionPoints_WorkFlowTest"/>
  <testcase name="createActionPointsTest" time="99.879" classname="com.eTools.testcases.ActionPoints_WorkFlowTest"/>
</testsuite> <!-- Default test -->
