<?xml version="1.0" encoding="UTF-8"?>
<!-- Generated by org.testng.reporters.JUnitXMLReporter -->
<testsuite hostname="994560APD035872" ignored="0" name="Default test" tests="2" failures="0" timestamp="30 Sep 2019 23:08:18 GMT" time="124.03" errors="0">
  <testcase name="LoginTest" time="24.56" classname="com.eTools.testcases.ActionPoints_WorkFlowTest"/>
  <testcase name="createActionPointsTest" time="99.399" classname="com.eTools.testcases.ActionPoints_WorkFlowTest"/>
</testsuite> <!-- Default test -->
