<?xml version="1.0" encoding="UTF-8"?>
<testng-results skipped="0" failed="0" ignored="0" total="2" passed="2">
  <reporter-output>
  </reporter-output>
  <suite name="Default suite" duration-ms="125457" started-at="2019-10-16T02:13:46Z" finished-at="2019-10-16T02:15:51Z">
    <groups>
    </groups>
    <test name="Default test" duration-ms="125457" started-at="2019-10-16T02:13:46Z" finished-at="2019-10-16T02:15:51Z">
      <class name="com.eTools.testcases.ActionPoints_WorkFlowTest">
        <test-method status="PASS" signature="setUp()[pri:0, instance:com.eTools.testcases.ActionPoints_WorkFlowTest@6fd02e5]" name="setUp" is-config="true" duration-ms="126" started-at="2019-10-16T02:13:46Z" finished-at="2019-10-16T02:13:46Z">
          <reporter-output>
          </reporter-output>
        </test-method> <!-- setUp -->
        <test-method status="PASS" signature="LoginTest(org.testng.ITestContext)[pri:0, instance:com.eTools.testcases.ActionPoints_WorkFlowTest@6fd02e5]" name="LoginTest" duration-ms="25250" started-at="2019-10-16T02:13:46Z" finished-at="2019-10-16T02:14:11Z">
          <params>
            <param index="0">
              <value>
                <![CDATA[org.testng.TestRunner@290dbf45]]>
              </value>
            </param>
          </params>
          <reporter-output>
          </reporter-output>
        </test-method> <!-- LoginTest -->
        <test-method status="PASS" signature="createActionPointsTest(org.testng.ITestContext)[pri:1, instance:com.eTools.testcases.ActionPoints_WorkFlowTest@6fd02e5]" name="createActionPointsTest" duration-ms="99879" started-at="2019-10-16T02:14:11Z" finished-at="2019-10-16T02:15:51Z">
          <params>
            <param index="0">
              <value>
                <![CDATA[org.testng.TestRunner@290dbf45]]>
              </value>
            </param>
          </params>
          <reporter-output>
          </reporter-output>
        </test-method> <!-- createActionPointsTest -->
        <test-method status="PASS" signature="endTest()[pri:0, instance:com.eTools.testcases.ActionPoints_WorkFlowTest@6fd02e5]" name="endTest" is-config="true" duration-ms="182" started-at="2019-10-16T02:15:51Z" finished-at="2019-10-16T02:15:51Z">
          <reporter-output>
          </reporter-output>
        </test-method> <!-- endTest -->
      </class> <!-- com.eTools.testcases.ActionPoints_WorkFlowTest -->
    </test> <!-- Default test -->
  </suite> <!-- Default suite -->
</testng-results>
