<?xml version="1.0" encoding="UTF-8"?>
<testng-results skipped="0" failed="0" ignored="0" total="2" passed="2">
  <reporter-output>
  </reporter-output>
  <suite name="Default suite" duration-ms="124030" started-at="2019-09-30T23:06:14Z" finished-at="2019-09-30T23:08:18Z">
    <groups>
    </groups>
    <test name="Default test" duration-ms="124030" started-at="2019-09-30T23:06:14Z" finished-at="2019-09-30T23:08:18Z">
      <class name="com.eTools.testcases.ActionPoints_WorkFlowTest">
        <test-method status="PASS" signature="setUp()[pri:0, instance:com.eTools.testcases.ActionPoints_WorkFlowTest@42d80b78]" name="setUp" is-config="true" duration-ms="48" started-at="2019-09-30T23:06:14Z" finished-at="2019-09-30T23:06:14Z">
          <reporter-output>
          </reporter-output>
        </test-method> <!-- setUp -->
        <test-method status="PASS" signature="LoginTest(org.testng.ITestContext)[pri:0, instance:com.eTools.testcases.ActionPoints_WorkFlowTest@42d80b78]" name="LoginTest" duration-ms="24560" started-at="2019-09-30T23:06:14Z" finished-at="2019-09-30T23:06:39Z">
          <params>
            <param index="0">
              <value>
                <![CDATA[org.testng.TestRunner@5e853265]]>
              </value>
            </param>
          </params>
          <reporter-output>
          </reporter-output>
        </test-method> <!-- LoginTest -->
        <test-method status="PASS" signature="createActionPointsTest(org.testng.ITestContext)[pri:1, instance:com.eTools.testcases.ActionPoints_WorkFlowTest@42d80b78]" name="createActionPointsTest" duration-ms="99399" started-at="2019-09-30T23:06:39Z" finished-at="2019-09-30T23:08:18Z">
          <params>
            <param index="0">
              <value>
                <![CDATA[org.testng.TestRunner@5e853265]]>
              </value>
            </param>
          </params>
          <reporter-output>
          </reporter-output>
        </test-method> <!-- createActionPointsTest -->
      </class> <!-- com.eTools.testcases.ActionPoints_WorkFlowTest -->
    </test> <!-- Default test -->
  </suite> <!-- Default suite -->
</testng-results>
